{
  "stats": {
    "suites": 5,
    "tests": 5,
    "passes": 5,
    "pending": 0,
    "failures": 0,
    "start": "2022-08-03T21:16:32.131Z",
    "end": "2022-08-03T21:16:32.255Z",
    "duration": 124,
    "testsRegistered": 5,
    "passPercent": 100,
    "pendingPercent": 0,
    "other": 0,
    "hasOther": false,
    "skipped": 0,
    "hasSkipped": false
  },
  "results": [
    {
      "uuid": "6458a827-1a64-48f2-b3be-5d11e41f1d04",
      "title": "",
      "fullFile": "C:\\Users\\u1123118\\OneDrive - IQVIA\\Documents\\API FW\\API-Testing-Framework\\test\\test.spec.js",
      "file": "\\test\\test.spec.js",
      "beforeHooks": [],
      "afterHooks": [],
      "tests": [],
      "suites": [
        {
          "uuid": "bf4518fb-9478-429c-bcf4-be5c3e874f3b",
          "title": "API Validation CRUD",
          "fullFile": "C:\\Users\\u1123118\\OneDrive - IQVIA\\Documents\\API FW\\API-Testing-Framework\\test\\test.spec.js",
          "file": "\\test\\test.spec.js",
          "beforeHooks": [],
          "afterHooks": [],
          "tests": [],
          "suites": [
            {
              "uuid": "bac6d24d-a056-4eec-90ba-e7e8e71cef3f",
              "title": "GET request",
              "fullFile": "C:\\Users\\u1123118\\OneDrive - IQVIA\\Documents\\API FW\\API-Testing-Framework\\test\\test.spec.js",
              "file": "\\test\\test.spec.js",
              "beforeHooks": [],
              "afterHooks": [],
              "tests": [
                {
                  "title": "Should be return all contracts",
                  "fullTitle": "API Validation CRUD GET request Should be return all contracts",
                  "timedOut": false,
                  "duration": 45,
                  "state": "passed",
                  "speed": "medium",
                  "pass": true,
                  "fail": false,
                  "pending": false,
                  "context": null,
                  "code": "let result = await request.getRequest(endpoints.baseUrl, '/Contracts');\nexpect(result.statusCode).to.be.equal(200);\nexpect(result.body.length).to.be.equal(3);",
                  "err": {},
                  "uuid": "a328c1e0-16d2-4e18-b950-464253623268",
                  "parentUUID": "bac6d24d-a056-4eec-90ba-e7e8e71cef3f",
                  "isHook": false,
                  "skipped": false
                }
              ],
              "suites": [],
              "passes": [
                "a328c1e0-16d2-4e18-b950-464253623268"
              ],
              "failures": [],
              "pending": [],
              "skipped": [],
              "duration": 45,
              "root": false,
              "rootEmpty": false,
              "_timeout": 2000
            },
            {
              "uuid": "ebd2bf43-4c85-48b2-8592-bafd8a42bcd1",
              "title": "POST request",
              "fullFile": "C:\\Users\\u1123118\\OneDrive - IQVIA\\Documents\\API FW\\API-Testing-Framework\\test\\test.spec.js",
              "file": "\\test\\test.spec.js",
              "beforeHooks": [],
              "afterHooks": [],
              "tests": [
                {
                  "title": "Shoul be create a new contract",
                  "fullTitle": "API Validation CRUD POST request Shoul be create a new contract",
                  "timedOut": false,
                  "duration": 54,
                  "state": "passed",
                  "speed": "medium",
                  "pass": true,
                  "fail": false,
                  "pending": false,
                  "context": null,
                  "code": "let result = await request.postRequest(endpoints.baseUrl, '/Contracts', postBody);\nexpect(result.statusCode).to.be.equal(201);\n//console.log(result.body);\nnewPerson = result.body.id;\nconsole.log(newPerson);",
                  "err": {},
                  "uuid": "a7b3f981-d9b8-4cde-9749-660e7f04ca11",
                  "parentUUID": "ebd2bf43-4c85-48b2-8592-bafd8a42bcd1",
                  "isHook": false,
                  "skipped": false
                },
                {
                  "title": "Verify all properties when a new contract is ceated",
                  "fullTitle": "API Validation CRUD POST request Verify all properties when a new contract is ceated",
                  "timedOut": false,
                  "duration": 8,
                  "state": "passed",
                  "speed": "fast",
                  "pass": true,
                  "fail": false,
                  "pending": false,
                  "context": null,
                  "code": "let result = await request.postRequest(endpoints.baseUrl, '/Contracts', postBody);\nexpect(result.body).to.have.property('id').which.is.a('Number');\nexpect(result.body).to.have.property('name').which.is.a('String');\nexpect(result.body).to.have.property('country').which.is.a('String');\nexpect(result.body).to.have.property('phone').which.is.a('String');\nexpect(result.body).to.have.property('active').which.is.a('boolean');\nexpect(result.body).to.have.property('createdOn').which.is.a('String');",
                  "err": {},
                  "uuid": "27f08e80-4dd5-4797-9766-321310ae6a81",
                  "parentUUID": "ebd2bf43-4c85-48b2-8592-bafd8a42bcd1",
                  "isHook": false,
                  "skipped": false
                }
              ],
              "suites": [],
              "passes": [
                "a7b3f981-d9b8-4cde-9749-660e7f04ca11",
                "27f08e80-4dd5-4797-9766-321310ae6a81"
              ],
              "failures": [],
              "pending": [],
              "skipped": [],
              "duration": 62,
              "root": false,
              "rootEmpty": false,
              "_timeout": 2000
            },
            {
              "uuid": "8631e568-e71f-4e02-bc9e-c91b20560322",
              "title": "PUT request",
              "fullFile": "C:\\Users\\u1123118\\OneDrive - IQVIA\\Documents\\API FW\\API-Testing-Framework\\test\\test.spec.js",
              "file": "\\test\\test.spec.js",
              "beforeHooks": [],
              "afterHooks": [],
              "tests": [
                {
                  "title": "Should be update a specific contract by id",
                  "fullTitle": "API Validation CRUD PUT request Should be update a specific contract by id",
                  "timedOut": false,
                  "duration": 5,
                  "state": "passed",
                  "speed": "fast",
                  "pass": true,
                  "fail": false,
                  "pending": false,
                  "context": null,
                  "code": "let result = await request.putRequest(endpoints.baseUrl, '/Contracts/4', putBody);\nexpect(result.statusCode).to.be.equal(200);",
                  "err": {},
                  "uuid": "69bc3637-1aa8-4ea7-b4a1-5f94f1d8733b",
                  "parentUUID": "8631e568-e71f-4e02-bc9e-c91b20560322",
                  "isHook": false,
                  "skipped": false
                }
              ],
              "suites": [],
              "passes": [
                "69bc3637-1aa8-4ea7-b4a1-5f94f1d8733b"
              ],
              "failures": [],
              "pending": [],
              "skipped": [],
              "duration": 5,
              "root": false,
              "rootEmpty": false,
              "_timeout": 2000
            },
            {
              "uuid": "fb3c7583-e1b5-4104-9b17-74dd7aef7357",
              "title": "DELETE request",
              "fullFile": "C:\\Users\\u1123118\\OneDrive - IQVIA\\Documents\\API FW\\API-Testing-Framework\\test\\test.spec.js",
              "file": "\\test\\test.spec.js",
              "beforeHooks": [],
              "afterHooks": [],
              "tests": [
                {
                  "title": "Should be delete a specific contract by id",
                  "fullTitle": "API Validation CRUD DELETE request Should be delete a specific contract by id",
                  "timedOut": false,
                  "duration": 3,
                  "state": "passed",
                  "speed": "fast",
                  "pass": true,
                  "fail": false,
                  "pending": false,
                  "context": null,
                  "code": "let result = await request.deleteRequest(endpoints.baseUrl, '/Contracts/4');\nexpect(result.statusCode).to.be.equal(200);",
                  "err": {},
                  "uuid": "d2305525-adf0-4b18-ba8f-f2b53658d3e6",
                  "parentUUID": "fb3c7583-e1b5-4104-9b17-74dd7aef7357",
                  "isHook": false,
                  "skipped": false
                }
              ],
              "suites": [],
              "passes": [
                "d2305525-adf0-4b18-ba8f-f2b53658d3e6"
              ],
              "failures": [],
              "pending": [],
              "skipped": [],
              "duration": 3,
              "root": false,
              "rootEmpty": false,
              "_timeout": 2000
            }
          ],
          "passes": [],
          "failures": [],
          "pending": [],
          "skipped": [],
          "duration": 0,
          "root": false,
          "rootEmpty": false,
          "_timeout": 2000
        }
      ],
      "passes": [],
      "failures": [],
      "pending": [],
      "skipped": [],
      "duration": 0,
      "root": true,
      "rootEmpty": true,
      "_timeout": 2000
    }
  ],
  "meta": {
    "mocha": {
      "version": "10.0.0"
    },
    "mochawesome": {
      "options": {
        "quiet": false,
        "reportFilename": "mochawesome",
        "saveHtml": true,
        "saveJson": true,
        "consoleReporter": "spec",
        "useInlineDiffs": false,
        "code": true
      },
      "version": "7.1.3"
    },
    "marge": {
      "options": null,
      "version": "6.2.0"
    }
  }
}